This is pTeX, Version p2.1.8, based on TeX, Version 3.14159 (EUC) (Web2C 7.2) (format=platex 2000.7.9)  3 FEB 2001 05:00
**master-ohp.tex
(master-ohp.tex
pLaTeX2e <1999/08/09>+0 (based on LaTeX2e <1999/06/01> patch level 1)
(/usr/share/texmf/tex/platex2e/latex/slides.cls
Document Class: slides 1997/08/15 v2.3z Standard LaTeX document class
(/usr/share/texmf/tex/platex2e/latex/slides.def
File: slides.def 1997/08/15 v2.3z SLiTeX definitions
 hacks, slides,
\c@page=\count81
 picture, mods,
\@smashboxa=\box41
\@smashboxb=\box42
\@smashboxc=\box43

output, init) (/usr/share/texmf/tex/platex2e/latex/sfonts.def
File: sfonts.def 1998/06/12 v2.2e Standard LaTeX slide font definitions

(/usr/share/texmf/tex/platex2e/latex/ot1lcmss.fd
File: ot1lcmss.fd 1998/06/12 v2.2e Standard LaTeX slide font definitions
))
\c@minutes=\count82
\c@seconds=\count83

(I search kanjifont definition file: . . )
\c@mv@invisible=\count84
LaTeX Font Info:    Overwriting symbol font `operators' in version `normal'
(Font)                  OT1/cmr/m/n --> OT1/lcmss/m/n on input line 360.
LaTeX Font Info:    Overwriting symbol font `letters' in version `normal'
(Font)                  OML/cmm/m/it --> OML/lcmm/m/it on input line 363.
LaTeX Font Info:    Overwriting symbol font `symbols' in version `normal'
(Font)                  OMS/cmsy/m/n --> OMS/lcmsy/m/n on input line 365.
LaTeX Font Info:    Overwriting symbol font `largesymbols' in version `normal'
(Font)                  OMX/cmex/m/n --> OMX/lcmex/m/n on input line 367.
LaTeX Font Info:    Overwriting symbol font `operators' in version `invisible'
(Font)                  OT1/cmr/m/n --> OT1/lcmss/m/In on input line 370.
LaTeX Font Info:    Overwriting symbol font `letters' in version `invisible'
(Font)                  OML/cmm/m/it --> OML/lcmm/m/Iit on input line 372.
LaTeX Font Info:    Overwriting symbol font `symbols' in version `invisible'
(Font)                  OMS/cmsy/m/n --> OMS/lcmsy/m/In on input line 374.
LaTeX Font Info:    Overwriting symbol font `largesymbols' in version `invisibl
e'
(Font)                  OMX/cmex/m/n --> OMX/lcmex/m/In on input line 376.
) (predef.tex
(/usr/share/texmf/tex/latex/amslatex/amsmath.sty
Package: amsmath 1997/03/20 v1.2d AMS math features
\@mathmargin=\skip41

(/usr/share/texmf/tex/latex/amslatex/amstext.sty
Package: amstext 1996/10/28 v1.2b

(/usr/share/texmf/tex/latex/amslatex/amsgen.sty
File: amsgen 1996/10/29 v1.2b
\@emptytoks=\toks15
\ex@=\dimen118
))
(/usr/share/texmf/tex/latex/amslatex/amsbsy.sty
Package: amsbsy 1996/10/28 v1.2b
\pmbraise@=\dimen119
)
(/usr/share/texmf/tex/latex/amslatex/amsopn.sty
Package: amsopn 1996/10/28 v1.2b operator names
)
LaTeX Info: Redefining \frac on input line 188.
\uproot@=\count85
\leftroot@=\count86
\classnum@=\count87
\DOTSCASE@=\count88
LaTeX Info: Redefining \dots on input line 335.
LaTeX Info: Redefining \ldots on input line 418.
LaTeX Info: Redefining \cdots on input line 422.
\Mathstrutbox@=\box44
\strutbox@=\box45
\big@size=\dimen120
LaTeX Font Info:    Redeclaring font encoding OML on input line 500.
LaTeX Font Info:    Redeclaring font encoding OMS on input line 501.
\skewcharcount@=\count89
\familycount@=\count90
\pointcount@=\count91
\accentdimen@=\dimen121
\accentmu@=\count92
\minaw@=\dimen122
\c@MaxMatrixCols=\count93
\dotsspace@=\muskip10
\c@parentequation=\count94
\dspbrk@lvl=\count95
\tag@help=\toks16
\row@=\count96
\column@=\count97
\maxfields@=\count98
\andhelp@=\toks17
\eqnshift@=\dimen123
\alignsep@=\dimen124
\tagshift@=\dimen125
\tagwidth@=\dimen126
\totwidth@=\dimen127
\lineht@=\dimen128
\@envbody=\toks18
\multlinegap=\skip42
\multlinetaggap=\skip43
)
(/usr/share/texmf/tex/latex/amsfonts/amssymb.sty
Package: amssymb 1996/11/03 v2.2b

(/usr/share/texmf/tex/latex/amsfonts/amsfonts.sty
Package: amsfonts 1997/09/17 v2.2e
\symAMSa=\mathgroup4
\symAMSb=\mathgroup5
LaTeX Font Info:    Overwriting math alphabet `\mathfrak' in version `bold'
(Font)                  U/euf/m/n --> U/euf/b/n on input line 133.
))
(/usr/share/texmf/tex/latex/graphics/graphics.sty
Package: graphics 1999/02/16 v1.0l Standard LaTeX Graphics (DPC,SPQR)

(/usr/share/texmf/tex/latex/graphics/trig.sty
Package: trig 1999/03/16 v1.09 sin cos tan (DPC)
)
(/usr/share/texmf/tex/latex/config/graphics.cfg)
Package graphics Info: Driver file: dvips.def on input line 80.

(/usr/share/texmf/tex/latex/graphics/dvips.def
File: dvips.def 1999/02/16 v3.0i Driver-dependant file (DPC,SPQR)
))
(/usr/share/texmf/tex/latex/graphics/color.sty
Package: color 1999/02/16 v1.0i Standard LaTeX Color (DPC)

(/usr/share/texmf/tex/latex/config/color.cfg)
Package color Info: Driver file: dvips.def on input line 125.

(/usr/share/texmf/tex/latex/graphics/dvipsnam.def
File: dvipsnam.def 1999/02/16 v3.0i Driver-dependant file (DPC,SPQR)
))
(/usr/share/texmf/tex/latex/misc/fancybox.sty
\c@tocdepth=\count99

Style option: `fancybox' v1.2 <1998/02/27> (tvz)
\@fancybox=\box46
\shadowsize=\dimen129
\@Sbox=\box47
\do@VerbBox=\toks19
\the@fancyput=\toks20
\this@fancyput=\toks21
\EndVerbatimTokens=\toks22
\Verbatim@Outfile=\write3
\Verbatim@Infile=\read1
) (/usr/share/texmf/tex/latex/tools/enumerate.sty
Package: enumerate 1999/03/05 v3.00 enumerate extensions (DPC)
\@enLab=\toks23
)) (master-ohp.aux)
\openout1 = `master-ohp.aux'.

LaTeX Font Info:    Checking defaults for OML/cmm/m/it on input line 5.
LaTeX Font Info:    ... okay on input line 5.
LaTeX Font Info:    Checking defaults for T1/cmr/m/n on input line 5.
LaTeX Font Info:    ... okay on input line 5.
LaTeX Font Info:    Checking defaults for OT1/lcmss/m/n on input line 5.
LaTeX Font Info:    ... okay on input line 5.
LaTeX Font Info:    Checking defaults for OMS/cmsy/m/n on input line 5.
LaTeX Font Info:    ... okay on input line 5.
LaTeX Font Info:    Checking defaults for OMX/cmex/m/n on input line 5.
LaTeX Font Info:    ... okay on input line 5.
LaTeX Font Info:    Checking defaults for U/cmr/m/n on input line 5.
LaTeX Font Info:    ... okay on input line 5.
LaTeX Font Info:    Checking defaults for JY1/mc/m/n on input line 5.
LaTeX Font Info:    ... okay on input line 5.
LaTeX Font Info:    Checking defaults for JT1/mc/m/n on input line 5.
LaTeX Font Info:    ... okay on input line 5.


LaTeX Font Warning: Font shape `OT1/lcmss/m/sc' undefined
(Font)              using `OT1/lcmss/m/n' instead on input line 36.

LaTeX Font Info:    Try loading font information for OMS+lcmss on input line 38
.
LaTeX Font Info:    No file OMSlcmss.fd. on input line 38.

LaTeX Font Warning: Font shape `OMS/lcmss/m/n' undefined
(Font)              using `OMS/cmsy/m/n' instead
(Font)              for symbol `textsection' on input line 38.


LaTeX Font Warning: Font shape `OMS/cmsy/m/n' in size <19.907> not available
(Font)              size <20.74> substituted on input line 38.


LaTeX Font Warning: Font shape `OMS/lcmss/m/n' in size <19.907> not available
(Font)              size <20.74> substituted on input line 39.

[0

]

LaTeX Font Warning: Font shape `OMS/lcmss/m/n' in size <28.66> not available
(Font)              size <24.88> substituted on input line 50.

LaTeX Font Info:    Try loading font information for OML+lcmm on input line 54.

(/usr/share/texmf/tex/platex2e/latex/omllcmm.fd
File: omllcmm.fd 1998/06/12 v2.2e Standard LaTeX slide font definitions
)
LaTeX Font Info:    Try loading font information for OMS+lcmsy on input line 54
.

(/usr/share/texmf/tex/platex2e/latex/omslcmsy.fd
File: omslcmsy.fd 1998/06/12 v2.2e Standard LaTeX slide font definitions
)
LaTeX Font Info:    Try loading font information for OMX+lcmex on input line 54
.

(/usr/share/texmf/tex/platex2e/latex/omxlcmex.fd
File: omxlcmex.fd 1998/06/12 v2.2e Standard LaTeX slide font definitions
)
LaTeX Font Info:    External font `cmex10 at17.28pt' loaded for size
(Font)              <19.907> on input line 54.
LaTeX Font Info:    External font `cmex10 at17.28pt' loaded for size
(Font)              <16.59> on input line 54.
LaTeX Font Info:    External font `cmex10 at17.28pt' loaded for size
(Font)              <13.82> on input line 54.
LaTeX Font Info:    Try loading font information for U+msa on input line 54.

(/usr/share/texmf/tex/latex/amsfonts/umsa.fd
File: umsa.fd 1995/01/05 v2.2e AMS font definitions
)

LaTeX Font Warning: Font shape `U/msa/m/n' in size <19.907> not available
(Font)              size <20.74> substituted on input line 54.


LaTeX Font Warning: Font shape `U/msa/m/n' in size <16.59> not available
(Font)              size <17.28> substituted on input line 54.


LaTeX Font Warning: Font shape `U/msa/m/n' in size <13.82> not available
(Font)              size <14.4> substituted on input line 54.

LaTeX Font Info:    Try loading font information for U+msb on input line 54.
(/usr/share/texmf/tex/latex/amsfonts/umsb.fd
File: umsb.fd 1995/01/05 v2.2e AMS font definitions
)

LaTeX Font Warning: Font shape `U/msb/m/n' in size <19.907> not available
(Font)              size <20.74> substituted on input line 54.


LaTeX Font Warning: Font shape `U/msb/m/n' in size <16.59> not available
(Font)              size <17.28> substituted on input line 54.


LaTeX Font Warning: Font shape `U/msb/m/n' in size <13.82> not available
(Font)              size <14.4> substituted on input line 54.


Underfull \hbox (badness 6348) in paragraph at lines 55--55
[]\OT1/lcmss/m/n/19.907 =\JY1/gt/m/n/19.907 多様体の上の
 []


Overfull \hbox (55.55249pt too wide) in paragraph at lines 53--63
 [] 
 []


Overfull \hbox (20.22658pt too wide) in paragraph at lines 66--90
[][] [] 
 []

[0]
Overfull \hbox (10.68921pt too wide) in paragraph at lines 106--113
\JY1/gt/m/n/19.907 量子重力理論としてうまく行 っ ている弦理論は 、 [][]本[]質[]
的[]に
 []

[0] [0]

Package amsmath Warning: Foreign command \over; \frac or \genfrac should be use
d instead on input line 153.


Overfull \hbox (21.90291pt too wide) in paragraph at lines 154--154
[] 
 []


Overfull \hbox (21.90291pt too wide) in alignment at lines 151--154
 [] 
 []


Overfull \hbox (9.72743pt too wide) in paragraph at lines 184--184
[] 
 []


Overfull \hbox (9.72743pt too wide) in alignment at lines 180--184
 [] 
 []

[0] [0]
Overfull \hbox (20.90878pt too wide) in paragraph at lines 243--243
[] 
 []


Overfull \hbox (20.90878pt too wide) in alignment at lines 240--243
 [] 
 []

[0]
Underfull \hbox (badness 1253) in paragraph at lines 286--286
[]\JY1/gt/m/n/19.907 関数を \OT1/lcmss/m/n/19.907 Fock \JY1/gt/m/n/19.907 空間
の演算子に書き直せる 。
 []


Overfull \hbox (6.58022pt too wide) in paragraph at lines 286--286
[] 
 []


Overfull \hbox (6.58022pt too wide) in alignment at lines 286--286
 [] 
 []

[0]
Overfull \hbox (0.36378pt too wide) in paragraph at lines 295--300
[]\JY1/gt/m/n/19.907 このような性質 \OT1/lcmss/m/n/19.907 (idem-po-tency) \JY1/
gt/m/n/19.907 を満たす演算子は[]射影
 []


Overfull \hbox (5.02873pt too wide) in paragraph at lines 303--303
[] 
 []

[0]
File: GMS33.eps Graphic file (type eps)
 <GMS33.eps> [0]
File: tachyon-potential.eps Graphic file (type eps)
 <tachyon-potential.eps>
Overfull \hbox (21.00706pt too wide) in paragraph at lines 413--413
[] 
 []


Overfull \hbox (21.00706pt too wide) in alignment at lines 410--413
 [] 
 []

[0]
Overfull \hbox (38.45113pt too wide) in paragraph at lines 421--421
[] 
 []


Overfull \hbox (38.45113pt too wide) in alignment at lines 418--421
 [] 
 []

[0]
Overfull \hbox (0.57243pt too wide) in paragraph at lines 445--449
\JY1/gt/m/n/19.907 同じゲ ージ場の配位を持つ \OT1/lcmss/m/n/19.907 D-brane \JY1
/gt/m/n/19.907 と \OT1/lcmss/m/n/19.907 antiD-brane \JY1/gt/m/n/19.907 の
 []

[0] [0] [0] (master-ohp.aux)

LaTeX Font Warning: Size substitutions with differences
(Font)              up to 3.78pt have occured.


LaTeX Font Warning: Some font shapes were not available, defaults substituted.

 ) 
Here is how much of TeX's memory you used:
 1787 strings out of 10659
 20335 string characters out of 69691
 70289 words of memory out of 263001
 4905 multiletter control sequences out of 10000+0
 15150 words of font info for 61 fonts, out of 400000 for 1000
 14 hyphenation exceptions out of 1000
 29i,20n,24p,241b,299s stack positions out of 300i,100n,500p,30000b,4000s

Output written on master-ohp.dvi (15 pages, 29620 bytes).
