This is pTeXk, Version 3.141592-p3.1.11 (euc) (Web2C 7.5.4) (format=platex 2011.8.18)  13 SEP 2011 08:36
 %&-line parsing enabled.
**master.tex
(./master.tex
pLaTeX2e <2006/11/10>+0 (based on LaTeX2e <2009/09/24> patch level 0)
(/usr/share/texmf/ptex/platex/base/jbook.cls
Document Class: jbook 2006/06/27 v1.6 Standard pLaTeX class
\c@@paper=\count81
(/usr/share/texmf/ptex/platex/base/jbk11.clo
File: jbk11.clo 2006/06/27 v1.6 Standard pLaTeX file (size option)
)
\c@part=\count82
\c@chapter=\count83
\c@section=\count84
\c@subsection=\count85
\c@subsubsection=\count86
\c@paragraph=\count87
\c@subparagraph=\count88
\c@figure=\count89
\c@table=\count90
\abovecaptionskip=\skip41
\belowcaptionskip=\skip42
\symmincho=\mathgroup4
LaTeX Font Info:    Overwriting symbol font `mincho' in version `bold'
(Font)                  JY1/mc/m/n --> JY1/gt/m/n on input line 680.
\toclineskip=\dimen118
\@lnumwidth=\dimen119
\bibindent=\dimen120
\heisei=\count91
) (./predef.tex
(/usr/share/texmf-texlive/tex/latex/graphics/graphicx.sty
Package: graphicx 1999/02/16 v1.0f Enhanced LaTeX Graphics (DPC,SPQR)

(/usr/share/texmf-texlive/tex/latex/graphics/keyval.sty
Package: keyval 1999/03/16 v1.13 key=value parser (DPC)
\KV@toks@=\toks15
)
(/usr/share/texmf-texlive/tex/latex/graphics/graphics.sty
Package: graphics 2009/02/05 v1.0o Standard LaTeX Graphics (DPC,SPQR)

(/usr/share/texmf-texlive/tex/latex/graphics/trig.sty
Package: trig 1999/03/16 v1.09 sin cos tan (DPC)
)
(/etc/texmf/tex/latex/config/graphics.cfg
File: graphics.cfg 2009/08/28 v1.8 graphics configuration of TeX Live
)
Package graphics Info: Driver file: dvips.def on input line 91.

(/usr/share/texmf-texlive/tex/latex/graphics/dvips.def
File: dvips.def 1999/02/16 v3.0i Driver-dependant file (DPC,SPQR)
))
\Gin@req@height=\dimen121
\Gin@req@width=\dimen122
)
(/usr/share/texmf-texlive/tex/latex/graphics/color.sty
Package: color 2005/11/14 v1.0j Standard LaTeX Color (DPC)

(/etc/texmf/tex/latex/config/color.cfg
File: color.cfg 2007/01/18 v1.5 color configuration of teTeX/TeXLive
)
Package color Info: Driver file: dvips.def on input line 130.

(/usr/share/texmf-texlive/tex/latex/graphics/dvipsnam.def
File: dvipsnam.def 1999/02/16 v3.0i Driver-dependant file (DPC,SPQR)
))
(/usr/share/texmf-texlive/tex/latex/amsmath/amsmath.sty
Package: amsmath 2000/07/18 v2.13 AMS math features
\@mathmargin=\skip43

For additional information on amsmath, use the `?' option.
(/usr/share/texmf-texlive/tex/latex/amsmath/amstext.sty
Package: amstext 2000/06/29 v2.01

(/usr/share/texmf-texlive/tex/latex/amsmath/amsgen.sty
File: amsgen.sty 1999/11/30 v2.0
\@emptytoks=\toks16
\ex@=\dimen123
))
(/usr/share/texmf-texlive/tex/latex/amsmath/amsbsy.sty
Package: amsbsy 1999/11/29 v1.2d
\pmbraise@=\dimen124
)
(/usr/share/texmf-texlive/tex/latex/amsmath/amsopn.sty
Package: amsopn 1999/12/14 v2.01 operator names
)
\inf@bad=\count92
LaTeX Info: Redefining \frac on input line 211.
\uproot@=\count93
\leftroot@=\count94
LaTeX Info: Redefining \overline on input line 307.
\classnum@=\count95
\DOTSCASE@=\count96
LaTeX Info: Redefining \ldots on input line 379.
LaTeX Info: Redefining \dots on input line 382.
LaTeX Info: Redefining \cdots on input line 467.
\Mathstrutbox@=\box41
\strutbox@=\box42
\big@size=\dimen125
LaTeX Font Info:    Redeclaring font encoding OML on input line 567.
LaTeX Font Info:    Redeclaring font encoding OMS on input line 568.
\macc@depth=\count97
\c@MaxMatrixCols=\count98
\dotsspace@=\muskip10
\c@parentequation=\count99
\dspbrk@lvl=\count100
\tag@help=\toks17
\row@=\count101
\column@=\count102
\maxfields@=\count103
\andhelp@=\toks18
\eqnshift@=\dimen126
\alignsep@=\dimen127
\tagshift@=\dimen128
\tagwidth@=\dimen129
\totwidth@=\dimen130
\lineht@=\dimen131
\@envbody=\toks19
\multlinegap=\skip44
\multlinetaggap=\skip45
\mathdisplay@stack=\toks20
LaTeX Info: Redefining \[ on input line 2666.
LaTeX Info: Redefining \] on input line 2667.
)
(/usr/share/texmf-texlive/tex/latex/amsfonts/amssymb.sty
Package: amssymb 2009/06/22 v3.00

(/usr/share/texmf-texlive/tex/latex/amsfonts/amsfonts.sty
Package: amsfonts 2009/06/22 v3.00 Basic AMSFonts support
\symAMSa=\mathgroup5
\symAMSb=\mathgroup6
LaTeX Font Info:    Overwriting math alphabet `\mathfrak' in version `bold'
(Font)                  U/euf/m/n --> U/euf/b/n on input line 96.
))
(/usr/share/texmf-texlive/tex/latex/amscls/amsthm.sty
Package: amsthm 2004/08/06 v2.20
\thm@style=\toks21
\thm@bodyfont=\toks22
\thm@headfont=\toks23
\thm@notefont=\toks24
\thm@headpunct=\toks25
\thm@preskip=\skip46
\thm@postskip=\skip47
\thm@headsep=\skip48
\dth@everypar=\toks26
)
(/usr/share/texmf-texlive/tex/latex/amsmath/amsxtra.sty
Package: amsxtra 1999/11/15 v1.2c
LaTeX Info: Redefining \nobreakspace on input line 77.
)
(/usr/share/texmf-texlive/tex/latex/jknapltx/mathrsfs.sty
Package: mathrsfs 1996/01/01 Math RSFS package v1.0 (jk)
\symrsfs=\mathgroup7
)
(/usr/share/texmf-texlive/tex/generic/xypic/xypic.sty
(/usr/share/texmf-texlive/tex/generic/xypic/xy.sty
(/usr/share/texmf-texlive/tex/generic/xypic/xy.tex Bootstrap'ing: catcodes,
docmode, (/usr/share/texmf-texlive/tex/generic/xypic/xyrecat.tex)
(/usr/share/texmf-texlive/tex/generic/xypic/xyidioms.tex)

 Xy-pic version 3.7 <1999/02/16>
 Copyright (c) 1991-1998 by Kristoffer H. Rose <krisrose@ens-lyon.fr>
 Xy-pic is free software: see the User's Guide for details.

Loading kernel: messages; fonts; allocations: state,
\X@c=\dimen132
\Y@c=\dimen133
\U@c=\dimen134
\D@c=\dimen135
\L@c=\dimen136
\R@c=\dimen137
\Edge@c=\toks27
\X@p=\dimen138
\Y@p=\dimen139
\U@p=\dimen140
\D@p=\dimen141
\L@p=\dimen142
\R@p=\dimen143
\Edge@p=\toks28
\X@origin=\dimen144
\Y@origin=\dimen145
\X@xbase=\dimen146
\Y@xbase=\dimen147
\X@ybase=\dimen148
\Y@ybase=\dimen149
\X@min=\dimen150
\Y@min=\dimen151
\X@max=\dimen152
\Y@max=\dimen153
\lastobjectbox@=\box43
\zerodotbox@=\box44
\almostz@=\dimen154
 direction,
\d@X=\dimen155
\d@Y=\dimen156
\K@=\count104
\KK@=\count105
\Direction=\count106
\K@dXdY=\dimen157
\K@dYdX=\dimen158
\xyread@=\read1
\xywrite@=\write3
\csp@=\count107
\quotPTK@=\dimen159

utility macros; pictures: \xy, positions,
\swaptoks@@=\toks29
\connectobjectbox@@=\box45
 objects,
\styletoks@=\toks30
 decorations;
kernel objects: directionals, circles, text; options; algorithms: directions,
edges, connections;  Xy-pic loaded)

LaTeX Warning: You have requested package `xypic',
               but the package provides `xy'.

Package: xy 1999/02/16 Xy-pic version 3.7
(/usr/share/texmf-texlive/tex/generic/xypic/xyall.tex
 Xy-pic option: All features v.3.3
(/usr/share/texmf-texlive/tex/generic/xypic/xycurve.tex
 Xy-pic option: Curve and Spline extension v.3.7 curve,
\crv@cnt@=\count108
\crvpts@=\toks31
\splinebox@=\box46
\splineval@=\dimen160
\splinedepth@=\dimen161
\splinetol@=\dimen162
\splinelength@=\dimen163
 circles,
\L@=\dimen164
 loaded)
(/usr/share/texmf-texlive/tex/generic/xypic/xyframe.tex
 Xy-pic option: Frame and Bracket extension v.3.7 loaded)
(/usr/share/texmf-texlive/tex/generic/xypic/xycmtip.tex
 Xy-pic option: Computer Modern tip extension v.3.3
(/usr/share/texmf-texlive/tex/generic/xypic/xytips.tex
 Xy-pic option: More Tips extension v.3.3 loaded) loaded)
(/usr/share/texmf-texlive/tex/generic/xypic/xyline.tex
 Xy-pic option: Line styles extension v.3.6
\xylinethick@=\dimen165
 loaded)
(/usr/share/texmf-texlive/tex/generic/xypic/xyrotate.tex
 Xy-pic option: Rotate and Scale extension v.3.3 loaded)
(/usr/share/texmf-texlive/tex/generic/xypic/xycolor.tex
 Xy-pic option: Colour extension v.3.3 loaded)
(/usr/share/texmf-texlive/tex/generic/xypic/xymatrix.tex
 Xy-pic option: Matrix feature v.3.4
\Row=\count109
\Col=\count110
\queue@=\toks32
\queue@@=\toks33
\qcount@=\count111
\qcount@@=\count112
\matrixsize@=\count113
 loaded)
(/usr/share/texmf-texlive/tex/generic/xypic/xyarrow.tex
 Xy-pic option: Arrow and Path feature v.3.5 path, \ar, loaded)
(/usr/share/texmf-texlive/tex/generic/xypic/xygraph.tex
 Xy-pic option: Graph feature v.3.7 loaded) loaded))
(/usr/share/texmf-texlive/tex/generic/xypic/xyv2.tex
 Xy-pic option: Version 2 Compatibility v.3.4

Xy-pic Warning: `\stop' redefined.

loaded)) (/usr/share/texmf-texlive/tex/latex/tools/enumerate.sty
Package: enumerate 1999/03/05 v3.00 enumerate extensions (DPC)
\@enLab=\toks34
)
\c@The=\count114
)
(./master.aux)
\openout1 = `master.aux'.

LaTeX Font Info:    Checking defaults for OML/cmm/m/it on input line 18.
LaTeX Font Info:    ... okay on input line 18.
LaTeX Font Info:    Checking defaults for T1/cmr/m/n on input line 18.
LaTeX Font Info:    ... okay on input line 18.
LaTeX Font Info:    Checking defaults for OT1/cmr/m/n on input line 18.
LaTeX Font Info:    ... okay on input line 18.
LaTeX Font Info:    Checking defaults for OMS/cmsy/m/n on input line 18.
LaTeX Font Info:    ... okay on input line 18.
LaTeX Font Info:    Checking defaults for OMX/cmex/m/n on input line 18.
LaTeX Font Info:    ... okay on input line 18.
LaTeX Font Info:    Checking defaults for U/cmr/m/n on input line 18.
LaTeX Font Info:    ... okay on input line 18.
LaTeX Font Info:    Checking defaults for JY1/mc/m/n on input line 18.
LaTeX Font Info:    ... okay on input line 18.
LaTeX Font Info:    Checking defaults for JT1/mc/m/n on input line 18.
LaTeX Font Info:    ... okay on input line 18.
LaTeX Font Info:    Try loading font information for U+msa on input line 20.
 (/usr/share/texmf-texlive/tex/latex/amsfonts/umsa.fd
File: umsa.fd 2009/06/22 v3.00 AMS symbols A
)
LaTeX Font Info:    Try loading font information for U+msb on input line 20.

(/usr/share/texmf-texlive/tex/latex/amsfonts/umsb.fd
File: umsb.fd 2009/06/22 v3.00 AMS symbols B
)
LaTeX Font Info:    Try loading font information for U+rsfs on input line 20.

(/usr/share/texmf-texlive/tex/latex/jknapltx/ursfs.fd
File: ursfs.fd 1998/03/24 rsfs font definition file (jk)
) [1


] [2

]
LaTeX Font Info:    Font shape `JT1/mc/bx/n' in size <20.74> not available
(Font)              Font shape `JT1/gt/m/n' tried instead on input line 22.
LaTeX Font Info:    Font shape `JY1/mc/bx/n' in size <20.74> not available
(Font)              Font shape `JY1/gt/m/n' tried instead on input line 22.
 (./master.toc
LaTeX Font Info:    Font shape `JT1/mc/bx/n' in size <10.95> not available
(Font)              Font shape `JT1/gt/m/n' tried instead on input line 1.
LaTeX Font Info:    Font shape `JY1/mc/bx/n' in size <10.95> not available
(Font)              Font shape `JY1/gt/m/n' tried instead on input line 1.

[3] [4])
\tf@toc=\write4
\openout4 = `master.toc'.

 [5] [6

]
第 1 章
(./introduction.tex
LaTeX Font Info:    Font shape `JT1/mc/bx/n' in size <14.4> not available
(Font)              Font shape `JT1/gt/m/n' tried instead on input line 2.
LaTeX Font Info:    Font shape `JY1/mc/bx/n' in size <14.4> not available
(Font)              Font shape `JY1/gt/m/n' tried instead on input line 2.
 [7]
LaTeX Font Info:    Try loading font information for OMS+cmr on input line 85.
 (/usr/share/texmf-texlive/tex/latex/base/omscmr.fd
File: omscmr.fd 1999/05/25 v2.5h Standard LaTeX font definitions
)
LaTeX Font Info:    Font shape `OMS/cmr/m/n' in size <10.95> not available
(Font)              Font shape `OMS/cmsy/m/n' tried instead on input line 85.

[8] [9]

Package amsmath Warning: Foreign command \over;
(amsmath)                \frac or \genfrac should be used instead
(amsmath)                 on input line 147.


Overfull \hbox (112.32704pt too wide) in paragraph at lines 149--155
[][] 
 []


Overfull \hbox (46.6551pt too wide) in paragraph at lines 157--192
[][] 
 []

[10] [11]) [12]
第 2 章
(./definition.tex [13

]) (./deformation.tex
LaTeX Font Info:    Font shape `JT1/mc/bx/n' in size <12> not available
(Font)              Font shape `JT1/gt/m/n' tried instead on input line 12.
LaTeX Font Info:    Font shape `JY1/mc/bx/n' in size <12> not available
(Font)              Font shape `JY1/gt/m/n' tried instead on input line 12.
 [14] [15] [16] (./kontsevich.pstex_t
File: kontsevich.pstex Graphic file (type eps)
<kontsevich.pstex>
LaTeX Font Info:    Calculating math sizes for size <14> on input line 16.
) [17] [18]) (./differential.tex <xymatrix 2x2 141> [19]

LaTeX Font Warning: Font shape `JT1/mc/m/it' undefined
(Font)              using `JT1/mc/m/n' instead on input line 47.


LaTeX Font Warning: Font shape `JY1/mc/m/it' undefined
(Font)              using `JY1/mc/m/n' instead on input line 47.


LaTeX Font Warning: Font shape `JT1/mc/bx/it' undefined
(Font)              using `JT1/mc/bx/n' instead on input line 47.


LaTeX Font Warning: Font shape `JY1/mc/bx/it' undefined
(Font)              using `JY1/mc/bx/n' instead on input line 47.

<xymatrix 2x2 141> [20] <xymatrix 2x2 141>
LaTeX Font Info:    Font shape `JT1/mc/bx/it' in size <10.95> not available
(Font)              Font shape `JT1/gt/m/n' tried instead on input line 138.
LaTeX Font Info:    Font shape `JY1/mc/bx/it' in size <10.95> not available
(Font)              Font shape `JY1/gt/m/n' tried instead on input line 138.
 [21] <xymatrix 2x2 182> [22]
[23] [24] <xymatrix 4x1 141> <xymatrix 5x1 173>) [25] [26

]
第 3 章
(./application.tex) (./motivation.tex [27]) (./construction.tex [28])
(./perturbation.tex [29]
File: planarB.eps Graphic file (type eps)
 <planarB.eps>
File: planarA.eps Graphic file (type eps)
 <planarA.eps>

LaTeX Warning: `h' float specifier changed to `ht'.

[30] (./nonplanarA.pstex_t
File: nonplanarA.pstex Graphic file (type eps)
 <nonplanarA.pstex>) (./nonplanarB.pstex_t
File: nonplanarB.pstex Graphic file (type eps)

<nonplanarB.pstex>)

LaTeX Warning: `h' float specifier changed to `ht'.

[31] (./phi4-planar.pstex_t
File: phi4-planar.pstex Graphic file (type eps)
 <phi4-planar.pstex>) (./phi4-nonplanar.pstex_t
File: phi4-nonplanar.pstex Graphic file (type eps)

<phi4-nonplanar.pstex>) [32] [33]
Overfull \hbox (37.61534pt too wide) detected at line 246
\OML/cmm/m/it/10.95 S[] \OT1/cmr/m/n/10.95 = [] [] \OML/cmm/m/it/10.95 d[]p [] 
[] ^^^\OT1/cmr/m/n/10.95 (\OML/cmm/m/it/10.95 p\OT1/cmr/m/n/10.95 )\OML/cmm/m/i
t/10.95 ^^^\OT1/cmr/m/n/10.95 (\OMS/cmsy/m/n/10.95 ^^@\OML/cmm/m/it/10.95 p\OT1
/cmr/m/n/10.95 )
 []

(./phi-3-planar.pstex_t
File: phi-3-planar.pstex Graphic file (type eps)
 <phi-3-planar.pstex>) (./phi-3-nonplanar.pstex_t
File: phi-3-nonplanar.pstex Graphic file (type eps)

<phi-3-nonplanar.pstex>)
Overfull \hbox (2.43332pt too wide) in paragraph at lines 257--271
[][] [] 
 []

[34]) (./nature.tex [35] [36]
File: open-loop.eps Graphic file (type eps)
 <open-loop.eps>
File: closed-loop.eps Graphic file (type eps)
 <closed-loop.eps>
Overfull \hbox (2.43332pt too wide) in paragraph at lines 116--126
[][] [] 
 []

[37] <xymatrix 2x2 168> [38]) [39] [40

]
第 4 章
(./emergence.tex) (./uncertainty.tex [41] (./conformal-region.pstex_t
File: conformal-region.pstex Graphic file (type eps)

<conformal-region.pstex>) [42]) (./string-field.tex [43] [44]
(./open-interaction-1.pstex_t
File: open-interaction-1.pstex Graphic file (type eps)
 <open-interaction-1.pstex>
LaTeX Font Info:    Calculating math sizes for size <17> on input line 13.


LaTeX Font Warning: Font shape `OT1/cmr/m/n' in size <8.5> not available
(Font)              size <8> substituted on input line 13.


LaTeX Font Warning: Font shape `OML/cmm/m/it' in size <8.5> not available
(Font)              size <8> substituted on input line 13.


LaTeX Font Warning: Font shape `OMS/cmsy/m/n' in size <8.5> not available
(Font)              size <8> substituted on input line 13.


LaTeX Font Warning: Font shape `U/rsfs/m/n' in size <8.5> not available
(Font)              size <8> substituted on input line 13.

) (./open-associativity.pstex_t
File: open-associativity.pstex Graphic file (type eps)
 <open-associativity.pstex>)
Overfull \hbox (2.43332pt too wide) in paragraph at lines 90--104
[][] [] 
 []

(./closed-interaction.pstex_t
File: closed-interaction.pstex Graphic file (type eps)
 <closed-interaction.pstex>)
(./closed-associativity.pstex_t
File: closed-associativity.pstex Graphic file (type eps)
 <closed-associativity.pstex>)
Overfull \hbox (2.43332pt too wide) in paragraph at lines 111--125
[][] [] 
 []

(./open-reparametrization-1.pstex_t
File: open-reparametrization-1.pstex Graphic file (type eps)
 <open-reparametrization-1.pstex>)
(./open-reparametrization-2.pstex_t
File: open-reparametrization-2.pstex Graphic file (type eps)
 <open-reparametrization-2.pstex>)
Overfull \hbox (2.43332pt too wide) in paragraph at lines 136--150
[][] [] 
 []

[45] (./open-interaction-2.pstex_t
File: open-interaction-2.pstex Graphic file (type eps)
 <open-interaction-2.pstex>) [46]
(./SFT-NC.pstex_t
File: SFT-NC.pstex Graphic file (type eps)
 <SFT-NC.pstex>) [47]) (./low-energy.tex [48] [49] [50]
[51]) (./soliton.tex
Overfull \hbox (13.80873pt too wide) in paragraph at lines 3--6
[]\JY1/mc/m/it/10.95 非可換な時空に於ける場の理論には 、 トポロジカルでないソリ
トン解が存在する \OT1/cmr/m/n/10.95 [[]][[]]\JY1/mc/m/it/10.95 。
 []

[52] [53] [54] [55] [56] [57]
File: GMS33.eps Graphic file (type eps)
 <GMS33.eps> [58]
File: GMS20.eps Graphic file (type eps)
 <GMS20.eps> [59]
File: GMS23I.eps Graphic file (type eps)
 <GMS23I.eps>
[60] [61] [62] [63] [64]) (./d-brane.tex [65] (./exchange.pstex_t
File: exchange.pstex Graphic file (type eps)

<exchange.pstex>)
File: tachyon-potential.eps Graphic file (type eps)
 <tachyon-potential.eps> [66] [67] [68]
Overfull \hbox (18.06392pt too wide) in alignment at lines 143--148
 [][][] []
 []


Overfull \hbox (4.6806pt too wide) detected at line 168
\OML/cmm/m/it/10.95 S \OT1/cmr/m/n/10.95 = \OML/cmm/m/it/10.95 T[]\OT1/cmr/m/n/
10.95 3 [] \OML/cmm/m/it/10.95 d[]x[] []
 []

[69] [70]) (./toeplitz.tex [71] [72] [73] [74] [75] [76] <xymatrix 5x1 172>
<xymatrix 5x1 172> <xymatrix 5x1 172> <xymatrix 5x1 172> <xymatrix 5x1 172>
<xymatrix 5x1 172> <xymatrix 5x1 172>
Overfull \hbox (40.69449pt too wide) in paragraph at lines 337--339
[]\JY1/mc/m/it/10.95 この同値関係による \OT1/cmr/m/n/10.95 Busby in-vari-ant \J
Y1/mc/m/it/10.95 の同値類を $[]\OT1/cmr/m/n/10.95 (C[](\OML/cmm/m/it/10.95 X\OT
1/cmr/m/n/10.95 )\OML/cmm/m/it/10.95 ; \U/msb/m/n/10.95 K\OT1/cmr/m/n/10.95 )$ 
\JY1/mc/m/it/10.95 と表記する 。 この $[]\OT1/cmr/m/n/10.95 (C[](\OML/cmm/m/it/
10.95 X\OT1/cmr/m/n/10.95 )\OML/cmm/m/it/10.95 ; \U/msb/m/n/10.95 K\OT1/cmr/m/n
/10.95 )$
 []

[77] <xymatrix 5x1 173> <xymatrix 5x1 173> [78] [79] [80] [81]) [82]
第 5 章
(./conclusion.tex [83

]) [84]
付 録 A  
(./category.tex [85

]) [86]
付 録 B  
(./topo-k.tex [87

]
LaTeX Font Info:    Try loading font information for U+euf on input line 47.
 (/usr/share/texmf-texlive/tex/latex/amsfonts/ueuf.fd
File: ueuf.fd 2009/06/22 v3.00 Euler Fraktur
)
[88] <xymatrix 3x2 313> [89] <xymatrix 5x1 172> <xymatrix 5x1 165> [90]
<xymatrix 6x1 204> [91]
Overfull \hbox (11.12305pt too wide) in paragraph at lines 288--293
[]\JY1/mc/m/it/10.95 この時 $\OT1/cmr/m/n/10.95 (\OML/cmm/m/it/10.95 CX=X\OT1/c
mr/m/n/10.95 )\OML/cmm/m/it/10.95 =\OT1/cmr/m/n/10.95 (\OML/cmm/m/it/10.95 Cx[]
=x[]\OT1/cmr/m/n/10.95 ) [] \OML/cmm/m/it/10.95 SX$ \JY1/mc/m/it/10.95 である 
。 $\OML/cmm/m/it/10.95 Cx[]=x[]$ \JY1/mc/m/it/10.95 は \OT1/cmr/m/n/10.95 1 \J
Y1/mc/m/it/10.95 点可縮であるから $[]\OT1/cmr/m/n/10.95 (\OML/cmm/m/it/10.95 X\
OT1/cmr/m/n/10.95 ) [] [](\OML/cmm/m/it/10.95 X=I\OT1/cmr/m/n/10.95 )$
 []

(./XcupY.pstex_t
File: XcupY.pstex Graphic file (type eps)
 <XcupY.pstex>) (./XcupCY.pstex_t
File: XcupCY.pstex Graphic file (type eps)
 <XcupCY.pstex>)
Overfull \hbox (2.43332pt too wide) in paragraph at lines 297--307
[][] [] 
 []

<xymatrix 3x1 96> [92] <xymatrix 3x1 82> <xymatrix 8x1 314>
Overfull \hbox (16.87004pt too wide) detected at line 376
[]
 []

<xymatrix 5x1 186> <xymatrix 3x1 96> [93] <xymatrix 3x2 284> <xymatrix 3x1 82>
<xymatrix 2x3 265> <xymatrix 4x3 382> <xymatrix 3x3 207> [94] <xymatrix 4x1
141> <xymatrix 5x1 172> [95] <xymatrix 3x2 272>) (./alg-k.tex [96] [97]
[98] [99] [100] [101] [102] <xymatrix 2x2 141> <xymatrix 2x2 141> [103]
<xymatrix 2x2 266> <xymatrix 3x1 96> [104] [105] <xymatrix 3x2 237>)
(./master.bbl [106]

LaTeX Font Warning: Font shape `JT1/gt/m/it' undefined
(Font)              using `JT1/gt/m/n' instead on input line 6.


LaTeX Font Warning: Font shape `JY1/gt/m/it' undefined
(Font)              using `JY1/gt/m/n' instead on input line 6.

[107

] [108] [109]) [110] (./master.aux)

LaTeX Font Warning: Size substitutions with differences
(Font)              up to 0.5pt have occurred.


LaTeX Font Warning: Some font shapes were not available, defaults substituted.

 ) 
Here is how much of TeX's memory you used:
 4958 strings out of 257674
 58627 string characters out of 1191153
 154922 words of memory out of 3000000
 7888 multiletter control sequences out of 10000+50000
 38241 words of font info for 160 fonts, out of 2000000 for 2000
 14 hyphenation exceptions out of 8191
 29i,27n,25p,284b,678s stack positions out of 5000i,500n,6000p,200000b,40000s

Output written on master.dvi (110 pages, 459280 bytes).
