This is pTeX, Version p2.1.5, based on TeX, Version 3.14159 (EUC) (Web2c 7.0) (format=platex 97.8.31)  24 NOV 2000 11:49
**nature.tex
(nature.tex
pLaTeX2e <1997/07/02>+2 (based on LaTeX2e <1996/12/01> patch level 0)

! LaTeX Error: Missing \begin{document}.

See the LaTeX manual or LaTeX Companion for explanation.
Type  H <return>  for immediate help.
 ...                                              
                                                  
l.2 こ
      こでは非可換場の理論で知られている諸性質を述べる。
? x
 
Here is how much of TeX's memory you used:
 4 strings out of 10665
 159 string characters out of 70025
 45899 words of memory out of 263001
 3171 multiletter control sequences out of 10000+0
 7519 words of font info for 31 fonts, out of 100000 for 500
 14 hyphenation exceptions out of 1000
 5i,0n,4p,67b,14s stack positions out of 300i,100n,500p,3000b,4000s
No pages of output.
